Log file open, 01/15/18 03:50:24
LogWindows: Failed to load 'aqProf.dll' (GetLastError=126)
LogWindows: File 'aqProf.dll' does not exist
LogWindows: Failed to load 'VtuneApi.dll' (GetLastError=126)
LogWindows: File 'VtuneApi.dll' does not exist
LogWindows: Failed to load 'VtuneApi32e.dll' (GetLastError=126)
LogWindows: File 'VtuneApi32e.dll' does not exist
LogInit: Display: Running engine for game: LostReality
LogPlatformFile: Not using cached read wrapper
LogInit: Display: RandInit(962296643) SRandInit(962296643).
LogInit: Read version file with build ID '3709383'
LogInit: Overriding engine version to CL 3794801, compatible CL 3709383
LogInit: Registered custom module enumerator with build ID '3709383'
LogTaskGraph: Started task graph with 5 named threads and 8 total threads with 3 sets of task threads.
LogStats: Stats thread started at 0.510595
LogD3D11RHI: Aftermath initialized
LogModuleManager: Display: Found up-to-date module file ../../../Engine/Plugins/2D/Paper2D/Binaries/Win64/UE4Editor-Paper2D.dll (API version 3709383).
LogModuleManager: Display: Found up-to-date module file ../../../Engine/Plugins/2D/Paper2D/Binaries/Win64/UE4Editor-Paper2DEditor.dll (API version 3709383).
LogModuleManager: Display: Found up-to-date module file ../../../Engine/Plugins/2D/Paper2D/Binaries/Win64/UE4Editor-PaperSpriteSheetImporter.dll (API version 3709383).
LogModuleManager: Display: Found up-to-date module file ../../../Engine/Plugins/2D/Paper2D/Binaries/Win64/UE4Editor-PaperTiledImporter.dll (API version 3709383).
LogModuleManager: Display: Found up-to-date module file ../../../Engine/Plugins/2D/Paper2D/Binaries/Win64/UE4Editor-SmartSnapping.dll (API version 3709383).
LogModuleManager: Display: Found up-to-date module file ../../../Engine/Plugins/Blendables/LightPropagationVolume/Binaries/Win64/UE4Editor-LightPropagationVolumeRuntime.dll (API version 3709383).
LogModuleManager: Display: Found up-to-date module file ../../../Engine/Plugins/Blendables/LightPropagationVolume/Binaries/Win64/UE4Editor-LightPropagationVolumeEditor.dll (API version 3709383).
LogModuleManager: Display: Found up-to-date module file ../../../Engine/Plugins/Developer/GitSourceControl/Binaries/Win64/UE4Editor-GitSourceControl.dll (API version 3709383).
LogModuleManager: Display: Found up-to-date module file ../../../Engine/Plugins/Developer/PerforceSourceControl/Binaries/Win64/UE4Editor-PerforceSourceControl.dll (API version 3709383).
LogModuleManager: Display: Found up-to-date module file ../../../Engine/Plugins/Developer/SubversionSourceControl/Binaries/Win64/UE4Editor-SubversionSourceControl.dll (API version 3709383).
LogModuleManager: Display: Found up-to-date module file ../../../Engine/Plugins/Developer/UObjectPlugin/Binaries/Win64/UE4Editor-UObjectPlugin.dll (API version 3709383).
LogModuleManager: Display: Found up-to-date module file ../../../Engine/Plugins/Developer/VisualStudioCodeSourceCodeAccess/Binaries/Win64/UE4Editor-VisualStudioCodeSourceCodeAccess.dll (API version 3709383).
LogModuleManager: Display: Found up-to-date module file ../../../Engine/Plugins/Developer/VisualStudioSourceCodeAccess/Binaries/Win64/UE4Editor-VisualStudioSourceCodeAccess.dll (API version 3709383).
LogModuleManager: Display: Found up-to-date module file ../../../Engine/Plugins/Editor/AssetManagerEditor/Binaries/Win64/UE4Editor-AssetManagerEditor.dll (API version 3709383).
LogModuleManager: Display: Found up-to-date module file ../../../Engine/Plugins/Editor/AudioCapture/Binaries/Win64/UE4Editor-AudioCapture.dll (API version 3709383).
LogModuleManager: Display: Found up-to-date module file ../../../Engine/Plugins/Editor/FacialAnimation/Binaries/Win64/UE4Editor-FacialAnimation.dll (API version 3709383).
LogModuleManager: Display: Found up-to-date module file ../../../Engine/Plugins/Editor/FacialAnimation/Binaries/Win64/UE4Editor-FacialAnimationEditor.dll (API version 3709383).
LogModuleManager: Display: Found up-to-date module file ../../../Engine/Plugins/Editor/GameplayTagsEditor/Binaries/Win64/UE4Editor-GameplayTagsEditor.dll (API version 3709383).
LogModuleManager: Display: Found up-to-date module file ../../../Engine/Plugins/Editor/MobileLauncherProfileWizard/Binaries/Win64/UE4Editor-MobileLauncherProfileWizard.dll (API version 3709383).
LogModuleManager: Display: Found up-to-date module file ../../../Engine/Plugins/Editor/PluginBrowser/Binaries/Win64/UE4Editor-PluginBrowser.dll (API version 3709383).
LogModuleManager: Display: Found up-to-date module file ../../../Engine/Plugins/Editor/SpeedTreeImporter/Binaries/Win64/UE4Editor-SpeedTreeImporter.dll (API version 3709383).
LogModuleManager: Display: Found up-to-date module file ../../../Engine/Plugins/Experimental/AlembicImporter/Binaries/Win64/UE4Editor-AlembicImporter.dll (API version 3709383).
LogModuleManager: Display: Found up-to-date module file ../../../Engine/Plugins/Experimental/AlembicImporter/Binaries/Win64/UE4Editor-AlembicLibrary.dll (API version 3709383).
LogModuleManager: Display: Found up-to-date module file ../../../Engine/Plugins/Experimental/CharacterAI/Binaries/Win64/UE4Editor-CharacterAI.dll (API version 3709383).
LogModuleManager: Display: Found up-to-date module file ../../../Engine/Plugins/Experimental/HTML5Networking/Binaries/Win64/UE4Editor-HTML5Networking.dll (API version 3709383).
LogModuleManager: Display: Found up-to-date module file ../../../Engine/Plugins/Media/AndroidMedia/Binaries/Win64/UE4Editor-AndroidMediaEditor.dll (API version 3709383).
LogModuleManager: Display: Found up-to-date module file ../../../Engine/Plugins/Media/AndroidMedia/Binaries/Win64/UE4Editor-AndroidMediaFactory.dll (API version 3709383).
LogModuleManager: Display: Found up-to-date module file ../../../Engine/Plugins/Media/AvfMedia/Binaries/Win64/UE4Editor-AvfMediaEditor.dll (API version 3709383).
LogModuleManager: Display: Found up-to-date module file ../../../Engine/Plugins/Media/AvfMedia/Binaries/Win64/UE4Editor-AvfMediaFactory.dll (API version 3709383).
LogModuleManager: Display: Found up-to-date module file ../../../Engine/Plugins/Media/AvfMedia/Binaries/Win64/UE4Editor-AvfMediaFactory.dll (API version 3709383).
LogModuleManager: Display: Found up-to-date module file ../../../Engine/Plugins/Media/ImgMedia/Binaries/Win64/UE4Editor-ImgMedia.dll (API version 3709383).
LogModuleManager: Display: Found up-to-date module file ../../../Engine/Plugins/Media/ImgMedia/Binaries/Win64/UE4Editor-ImgMediaEditor.dll (API version 3709383).
LogModuleManager: Display: Found up-to-date module file ../../../Engine/Plugins/Media/ImgMedia/Binaries/Win64/UE4Editor-ImgMediaFactory.dll (API version 3709383).
LogModuleManager: Display: Found up-to-date module file ../../../Engine/Plugins/Media/ImgMedia/Binaries/Win64/UE4Editor-ImgMediaFactory.dll (API version 3709383).
LogModuleManager: Display: Found up-to-date module file ../../../Engine/Plugins/Media/ImgMedia/Binaries/Win64/UE4Editor-OpenExrWrapper.dll (API version 3709383).
LogModuleManager: Display: Found up-to-date module file ../../../Engine/Plugins/Media/MediaCompositing/Binaries/Win64/UE4Editor-MediaCompositing.dll (API version 3709383).
LogModuleManager: Display: Found up-to-date module file ../../../Engine/Plugins/Media/MediaCompositing/Binaries/Win64/UE4Editor-MediaCompositingEditor.dll (API version 3709383).
LogModuleManager: Display: Found up-to-date module file ../../../Engine/Plugins/Media/MediaPlayerEditor/Binaries/Win64/UE4Editor-MediaPlayerEditor.dll (API version 3709383).
LogModuleManager: Display: Found up-to-date module file ../../../Engine/Plugins/Media/WmfMedia/Binaries/Win64/UE4Editor-WmfMedia.dll (API version 3709383).
LogModuleManager: Display: Found up-to-date module file ../../../Engine/Plugins/Media/WmfMedia/Binaries/Win64/UE4Editor-WmfMediaEditor.dll (API version 3709383).
LogModuleManager: Display: Found up-to-date module file ../../../Engine/Plugins/Media/WmfMedia/Binaries/Win64/UE4Editor-WmfMediaFactory.dll (API version 3709383).
LogModuleManager: Display: Found up-to-date module file ../../../Engine/Plugins/Media/WmfMedia/Binaries/Win64/UE4Editor-WmfMediaFactory.dll (API version 3709383).
LogModuleManager: Display: Found up-to-date module file ../../../Engine/Plugins/Messaging/TcpMessaging/Binaries/Win64/UE4Editor-TcpMessaging.dll (API version 3709383).
LogModuleManager: Display: Found up-to-date module file ../../../Engine/Plugins/Messaging/UdpMessaging/Binaries/Win64/UE4Editor-UdpMessaging.dll (API version 3709383).
LogModuleManager: Display: Found up-to-date module file ../../../Engine/Plugins/MovieScene/ActorSequence/Binaries/Win64/UE4Editor-ActorSequence.dll (API version 3709383).
LogModuleManager: Display: Found up-to-date module file ../../../Engine/Plugins/MovieScene/LevelSequenceEditor/Binaries/Win64/UE4Editor-LevelSequenceEditor.dll (API version 3709383).
LogModuleManager: Display: Found up-to-date module file ../../../Engine/Plugins/MovieScene/MatineeToLevelSequence/Binaries/Win64/UE4Editor-MatineeToLevelSequence.dll (API version 3709383).
LogModuleManager: Display: Found up-to-date module file ../../../Engine/Plugins/Online/OnlineSubsystem/Binaries/Win64/UE4Editor-OnlineSubsystem.dll (API version 3709383).
LogModuleManager: Display: Found up-to-date module file ../../../Engine/Plugins/Runtime/AndroidPermission/Binaries/Win64/UE4Editor-AndroidPermission.dll (API version 3709383).
LogModuleManager: Display: Found up-to-date module file ../../../Engine/Plugins/Online/OnlineSubsystemNull/Binaries/Win64/UE4Editor-OnlineSubsystemNull.dll (API version 3709383).
LogModuleManager: Display: Found up-to-date module file ../../../Engine/Plugins/Online/OnlineSubsystemUtils/Binaries/Win64/UE4Editor-OnlineSubsystemUtils.dll (API version 3709383).
LogModuleManager: Display: Found up-to-date module file ../../../Engine/Plugins/Online/OnlineSubsystemUtils/Binaries/Win64/UE4Editor-OnlineBlueprintSupport.dll (API version 3709383).
LogModuleManager: Display: Found up-to-date module file ../../../Engine/Plugins/Runtime/AndroidDeviceProfileSelector/Binaries/Win64/UE4Editor-AndroidDeviceProfileSelector.dll (API version 3709383).
LogModuleManager: Display: Found up-to-date module file ../../../Engine/Plugins/Runtime/AppleARKit/Binaries/Win64/UE4Editor-AppleARKit.dll (API version 3709383).
LogModuleManager: Display: Found up-to-date module file ../../../Engine/Plugins/Runtime/ArchVisCharacter/Binaries/Win64/UE4Editor-ArchVisCharacter.dll (API version 3709383).
LogModuleManager: Display: Found up-to-date module file ../../../Engine/Plugins/Runtime/CableComponent/Binaries/Win64/UE4Editor-CableComponent.dll (API version 3709383).
LogModuleManager: Display: Found up-to-date module file ../../../Engine/Plugins/Runtime/CustomMeshComponent/Binaries/Win64/UE4Editor-CustomMeshComponent.dll (API version 3709383).
LogModuleManager: Display: Found up-to-date module file ../../../Engine/Plugins/Runtime/ExampleDeviceProfileSelector/Binaries/Win64/UE4Editor-ExampleDeviceProfileSelector.dll (API version 3709383).
LogModuleManager: Display: Found up-to-date module file ../../../Engine/Plugins/Runtime/ImmediatePhysics/Binaries/Win64/UE4Editor-ImmediatePhysics.dll (API version 3709383).
LogModuleManager: Display: Found up-to-date module file ../../../Engine/Plugins/Runtime/ImmediatePhysics/Binaries/Win64/UE4Editor-ImmediatePhysicsEditor.dll (API version 3709383).
LogModuleManager: Display: Found up-to-date module file ../../../Engine/Plugins/Runtime/LocationServicesBPLibrary/Binaries/Win64/UE4Editor-LocationServicesBPLibrary.dll (API version 3709383).
LogModuleManager: Display: Found up-to-date module file ../../../Engine/Plugins/Runtime/MobilePatchingUtils/Binaries/Win64/UE4Editor-MobilePatchingUtils.dll (API version 3709383).
LogModuleManager: Display: Found up-to-date module file ../../../Engine/Plugins/Runtime/Oculus/OculusVR/Binaries/Win64/UE4Editor-OculusHMD.dll (API version 3709383).
LogModuleManager: Display: Found up-to-date module file ../../../Engine/Plugins/Runtime/Oculus/OculusVR/Binaries/Win64/UE4Editor-OculusInput.dll (API version 3709383).
LogModuleManager: Display: Found up-to-date module file ../../../Engine/Plugins/Runtime/Oculus/OculusVR/Binaries/Win64/UE4Editor-OculusEditor.dll (API version 3709383).
LogModuleManager: Display: Found up-to-date module file ../../../Engine/Plugins/Runtime/PhysXVehicles/Binaries/Win64/UE4Editor-PhysXVehicles.dll (API version 3709383).
LogModuleManager: Display: Found up-to-date module file ../../../Engine/Plugins/Runtime/PhysXVehicles/Binaries/Win64/UE4Editor-PhysXVehiclesEditor.dll (API version 3709383).
LogModuleManager: Display: Found up-to-date module file ../../../Engine/Plugins/Runtime/ProceduralMeshComponent/Binaries/Win64/UE4Editor-ProceduralMeshComponent.dll (API version 3709383).
LogModuleManager: Display: Found up-to-date module file ../../../Engine/Plugins/Runtime/ProceduralMeshComponent/Binaries/Win64/UE4Editor-ProceduralMeshComponentEditor.dll (API version 3709383).
LogModuleManager: Display: Found up-to-date module file ../../../Engine/Plugins/Runtime/RuntimePhysXCooking/Binaries/Win64/UE4Editor-RuntimePhysXCooking.dll (API version 3709383).
LogModuleManager: Display: Found up-to-date module file ../../../Engine/Plugins/Runtime/Steam/SteamVR/Binaries/Win64/UE4Editor-SteamVR.dll (API version 3709383).
LogModuleManager: Display: Found up-to-date module file ../../../Engine/Plugins/Runtime/Steam/SteamVR/Binaries/Win64/UE4Editor-SteamVRController.dll (API version 3709383).
LogModuleManager: Display: Found up-to-date module file ../../../Engine/Plugins/Runtime/WindowsMoviePlayer/Binaries/Win64/UE4Editor-WindowsMoviePlayer.dll (API version 3709383).
LogPluginManager: Mounting plugin Paper2D
LogPluginManager: Mounting plugin LightPropagationVolume
LogPluginManager: Mounting plugin CodeLiteSourceCodeAccess
LogPluginManager: Mounting plugin GitSourceControl
LogPluginManager: Mounting plugin KDevelopSourceCodeAccess
LogPluginManager: Mounting plugin NullSourceCodeAccess
LogPluginManager: Mounting plugin PerforceSourceControl
LogPluginManager: Mounting plugin SubversionSourceControl
LogPluginManager: Mounting plugin UObjectPlugin
LogPluginManager: Mounting plugin VisualStudioCodeSourceCodeAccess
LogPluginManager: Mounting plugin VisualStudioSourceCodeAccess
LogPluginManager: Mounting plugin XCodeSourceCodeAccess
LogPluginManager: Mounting plugin AssetManagerEditor
LogPluginManager: Mounting plugin AudioCapture
LogPluginManager: Mounting plugin FacialAnimation
LogPluginManager: Mounting plugin GameplayTagsEditor
LogPluginManager: Mounting plugin MobileLauncherProfileWizard
LogPluginManager: Mounting plugin PluginBrowser
LogPluginManager: Mounting plugin SpeedTreeImporter
LogPluginManager: Mounting plugin AlembicImporter
LogPluginManager: Mounting plugin CharacterAI
LogPluginManager: Mounting plugin HTML5Networking
LogPluginManager: Mounting plugin AndroidMedia
LogPluginManager: Mounting plugin AvfMedia
LogPluginManager: Mounting plugin ImgMedia
LogPluginManager: Mounting plugin MediaCompositing
LogPluginManager: Mounting plugin MediaPlayerEditor
LogPluginManager: Mounting plugin WmfMedia
LogPluginManager: Mounting plugin TcpMessaging
LogPluginManager: Mounting plugin UdpMessaging
LogPluginManager: Mounting plugin ActorSequence
LogPluginManager: Mounting plugin LevelSequenceEditor
LogPluginManager: Mounting plugin MatineeToLevelSequence
LogPluginManager: Mounting plugin OnlineSubsystemGooglePlay
LogPluginManager: Mounting plugin OnlineSubsystemIOS
LogPluginManager: Mounting plugin OnlineSubsystem
LogPluginManager: Mounting plugin OnlineSubsystemNull
LogPluginManager: Mounting plugin OnlineSubsystemUtils
LogPluginManager: Mounting plugin AndroidDeviceProfileSelector
LogPluginManager: Mounting plugin AndroidMoviePlayer
LogPluginManager: Mounting plugin AndroidPermission
LogPluginManager: Mounting plugin AppleARKit
LogPluginManager: Mounting plugin AppleMoviePlayer
LogPluginManager: Mounting plugin ArchVisCharacter
LogPluginManager: Mounting plugin CableComponent
LogPluginManager: Mounting plugin CustomMeshComponent
LogPluginManager: Mounting plugin ExampleDeviceProfileSelector
LogPluginManager: Mounting plugin GoogleCloudMessaging
LogPluginManager: Mounting plugin ImmediatePhysics
LogPluginManager: Mounting plugin IOSDeviceProfileSelector
LogPluginManager: Mounting plugin LinuxDeviceProfileSelector
LogPluginManager: Mounting plugin LocationServicesBPLibrary
LogPluginManager: Mounting plugin MobilePatchingUtils
LogPluginManager: Mounting plugin OculusVR
LogPluginManager: Plugin shader directory ../../../Engine/Plugins/Runtime/Oculus/OculusVR/Shaders found
LogPluginManager: Mapping shader source directory ../../../Engine/Plugins/Runtime/Oculus/OculusVR/Shaders to virtual directory /Plugin/OculusVR
LogPluginManager: Mounting plugin PhysXVehicles
LogPluginManager: Mounting plugin ProceduralMeshComponent
LogPluginManager: Mounting plugin RuntimePhysXCooking
LogPluginManager: Mounting plugin SteamVR
LogPluginManager: Mounting plugin WindowsMoviePlayer
LogInit: Using libcurl 7.47.1
LogInit:  - built for x86_64-pc-win32
LogInit:  - supports SSL with OpenSSL/1.0.2g
LogInit:  - supports HTTP deflate (compression) using libz 1.2.8
LogInit:  - other features:
LogInit:      CURL_VERSION_SSL
LogInit:      CURL_VERSION_LIBZ
LogInit:      CURL_VERSION_IPV6
LogInit:      CURL_VERSION_ASYNCHDNS
LogInit:      CURL_VERSION_LARGEFILE
LogInit:      CURL_VERSION_IDN
LogInit:  CurlRequestOptions (configurable via config and command line):
LogInit:  - bVerifyPeer = false  - Libcurl will NOT verify peer certificate
LogInit:  - bUseHttpProxy = false  - Libcurl will NOT use HTTP proxy
LogInit:  - bDontReuseConnections = false  - Libcurl will reuse connections
LogInit:  - CertBundlePath = nullptr  - Libcurl will use whatever was configured at build time.
LogInit: Build: ++UE4+Release-4.18-CL-3794801
LogInit: Engine Version: 4.18.2-3794801+++UE4+Release-4.18
LogInit: Compatible Engine Version: 4.18.0-3709383+++UE4+Release-4.18
LogInit: Net CL: 3709383
LogDevObjectVersion: Number of dev versions registered: 16
LogDevObjectVersion:   Dev-Blueprints (B0D832E4-1F89-4F0D-ACCF-7EB736FD4AA2): 10
LogDevObjectVersion:   Dev-Build (E1C64328-A22C-4D53-A36C-8E866417BD8C): 0
LogDevObjectVersion:   Dev-Core (375EC13C-06E4-48FB-B500-84F0262A717E): 2
LogDevObjectVersion:   Dev-Editor (E4B068ED-F494-42E9-A231-DA0B2E46BB41): 20
LogDevObjectVersion:   Dev-Framework (CFFC743F-43B0-4480-9391-14DF171D2073): 30
LogDevObjectVersion:   Dev-Mobile (B02B49B5-BB20-44E9-A304-32B752E40360): 0
LogDevObjectVersion:   Dev-Networking (A4E4105C-59A1-49B5-A7C5-40C4547EDFEE): 0
LogDevObjectVersion:   Dev-Online (39C831C9-5AE6-47DC-9A44-9C173E1C8E7C): 0
LogDevObjectVersion:   Dev-Physics (78F01B33-EBEA-4F98-B9B4-84EACCB95AA2): 0
LogDevObjectVersion:   Dev-Platform (6631380F-2D4D-43E0-8009-CF276956A95A): 0
LogDevObjectVersion:   Dev-Rendering (12F88B9F-8875-4AFC-A67C-D90C383ABD29): 20
LogDevObjectVersion:   Dev-Sequencer (7B5AE74C-D270-4C10-A958-57980B212A5A): 4
LogDevObjectVersion:   Dev-VR (D7296918-1DD6-4BDD-9DE2-64A83CC13884): 0
LogDevObjectVersion:   Dev-LoadTimes (C2A15278-BFE7-4AFE-6C17-90FF531DF755): 1
LogDevObjectVersion:   Private-Geometry (6EACA3D4-40EC-4CC1-B786-8BED09428FC5): 1
LogDevObjectVersion:   Dev-AnimPhys (29E575DD-E0A3-4627-9D10-D276232CDCEA): 12
LogInit: Compiled (64-bit): Dec  8 2017 02:04:53
LogInit: Compiled with Visual C++: 19.00.24215.01
LogInit: Build Configuration: Development
LogInit: Branch Name: ++UE4+Release-4.18
LogInit: Command line: -EpicPortal 
LogInit: Base directory: H:/Programming/engine/UE_4.18/Engine/Binaries/Win64/
LogInit: Installed Engine Build: 1
LogInit: Presizing for max 8388607 objects, including 0 objects not considered by GC, pre-allocating 0 bytes for permanent pool.
LogInit: Object subsystem initialized
[2018.01.14-23.50.31:727][  0]LogInit: Selected Device Profile: [Windows]
[2018.01.14-23.50.31:727][  0]LogInit: Applying CVar settings loaded from the selected device profile: [Windows]
[2018.01.14-23.50.31:795][  0]LogInit: Computer: ACER
[2018.01.14-23.50.31:795][  0]LogInit: User: USER
[2018.01.14-23.50.31:795][  0]LogInit: CPU Page size=4096, Cores=2
[2018.01.14-23.50.31:795][  0]LogInit: High frequency timer resolution =2.078066 MHz
[2018.01.14-23.50.31:796][  0]LogMemory: Memory total: Physical=5.9GB (6GB approx)
[2018.01.14-23.50.31:796][  0]LogMemory: Platform Memory Stats for Windows
[2018.01.14-23.50.31:796][  0]LogMemory: Process Physical Memory: 272.32 MB used, 272.32 MB peak
[2018.01.14-23.50.31:796][  0]LogMemory: Process Virtual Memory: 271.36 MB used, 271.36 MB peak
[2018.01.14-23.50.31:796][  0]LogMemory: Physical Memory: 3463.70 MB used,  2540.81 MB free, 6004.51 MB total
[2018.01.14-23.50.31:796][  0]LogMemory: Virtual Memory: 622.85 MB used,  2540.81 MB free, 8388608.00 MB total
[2018.01.14-23.50.32:295][  0]LogInit: Using OS detected language (ru-RU).
[2018.01.14-23.50.32:295][  0]LogInit: Using OS detected locale (ru-RU).
[2018.01.14-23.50.32:320][  0]LogTextLocalizationManager: No localization for 'ru-RU' exists, so 'en' will be used for the language.
[2018.01.14-23.50.32:321][  0]LogTextLocalizationManager: No localization for 'ru-RU' exists, so 'en' will be used for the locale.
[2018.01.14-23.50.34:021][  0]LogWindows: Failed to load 'shcore.dll' (GetLastError=126)
[2018.01.14-23.50.34:021][  0]LogWindows: File 'shcore.dll' does not exist
[2018.01.14-23.50.34:021][  0]LogInit: Setting process to DPI aware
[2018.01.14-23.50.34:040][  0]LogWindows: Failed to load 'shcore.dll' (GetLastError=126)
[2018.01.14-23.50.34:040][  0]LogWindows: File 'shcore.dll' does not exist
[2018.01.14-23.50.34:040][  0]LogInit: Setting process to DPI aware
[2018.01.14-23.50.36:942][  0]LogD3D11RHI: D3D11 adapters:
[2018.01.14-23.50.36:953][  0]LogD3D11RHI:    0. 'ATI Mobility Radeon HD 5470      ' (Feature Level 11_0)
[2018.01.14-23.50.36:953][  0]LogD3D11RHI:       501/0/2746 MB DedicatedVideo/DedicatedSystem/SharedSystem, Outputs:1, VendorId:0x1002
[2018.01.14-23.50.36:954][  0]LogD3D11RHI: Chosen D3D11 Adapter: 0
[2018.01.14-23.50.36:980][  0]LogD3D11RHI: Creating new Direct3DDevice
[2018.01.14-23.50.36:982][  0]LogD3D11RHI:     GPU DeviceId: 0x68e0 (for the marketing name, search the web for "GPU Device Id")
[2018.01.14-23.50.36:982][  0]LogWindows: EnumDisplayDevices:
[2018.01.14-23.50.36:983][  0]LogWindows:    0. 'ATI Mobility Radeon HD 5470      ' (P:1 D:1)
[2018.01.14-23.50.36:983][  0]LogWindows:    1. 'ATI Mobility Radeon HD 5470      ' (P:0 D:0)
[2018.01.14-23.50.36:984][  0]LogWindows:    2. 'RDPDD Chained DD' (P:0 D:0)
[2018.01.14-23.50.36:984][  0]LogWindows:    3. 'RDP Encoder Mirror Driver' (P:0 D:0)
[2018.01.14-23.50.36:985][  0]LogWindows:    4. 'RDP Reflector Display Driver' (P:0 D:0)
[2018.01.14-23.50.36:985][  0]LogWindows: DebugString: GetVideoDriverDetailsInvalid PrimaryIsNotTheChoosenAdapter GetVideoDriverDetailsInvalid PrimaryIsNotTheChoosenAdapter GetVideoDriverDetailsInvalid PrimaryIsNotTheChoosenAdapter GetVideoDriverDetailsInvalid PrimaryIsNotTheChoosenAdapter GetVideoDriverDetailsInvalid PrimaryIsNotTheChoosenAdapter FoundDriverCount:0 
[2018.01.14-23.50.36:985][  0]LogD3D11RHI:     Adapter Name: ATI Mobility Radeon HD 5470      
[2018.01.14-23.50.36:985][  0]LogD3D11RHI:   Driver Version: Unknown (internal:Unknown, unified:Unknown)
[2018.01.14-23.50.36:985][  0]LogD3D11RHI:      Driver Date: Unknown
[2018.01.14-23.50.36:985][  0]LogRHI: Texture pool is 351 MB (70% of 501 MB)
[2018.01.14-23.50.37:004][  0]LogD3D11RHI: Async texture creation disabled: no driver support
[2018.01.14-23.50.37:021][  0]LogD3D11RHI: GPU Timing Frequency: 27.000000 (Debug: 2 1)
[2018.01.14-23.50.37:027][  0]LogShaderCompilers: Guid format shader working directory is -16 characters bigger than the processId version (../../../../../../games/yavagame/lala/LostReality/LostReality/Intermediate/Shaders/WorkingDirectory/3360/).
[2018.01.14-23.50.37:028][  0]LogShaderCompilers: Cleaned the shader compiler working directory 'C:/Users/USER/AppData/Local/Temp/UnrealShaderWorkingDir/A1B367214578A96693F4AB9DC410CF0E/'.
[2018.01.14-23.50.37:028][  0]LogShaderCompilers: Display: Using Local Shader Compiler.
[2018.01.14-23.50.41:949][  0]LogTemp: Display: Loaded TP AllDesktopTargetPlatform
[2018.01.14-23.50.42:144][  0]LogTemp: Display: Loaded TP MacClientTargetPlatform
[2018.01.14-23.50.42:337][  0]LogTemp: Display: Loaded TP MacNoEditorTargetPlatform
[2018.01.14-23.50.42:536][  0]LogTemp: Display: Loaded TP MacServerTargetPlatform
[2018.01.14-23.50.42:742][  0]LogTemp: Display: Loaded TP MacTargetPlatform
[2018.01.14-23.50.42:941][  0]LogTemp: Display: Loaded TP WindowsClientTargetPlatform
[2018.01.14-23.50.43:138][  0]LogTemp: Display: Loaded TP WindowsNoEditorTargetPlatform
[2018.01.14-23.50.43:335][  0]LogTemp: Display: Loaded TP WindowsServerTargetPlatform
[2018.01.14-23.50.43:507][  0]LogTemp: Display: Loaded TP WindowsTargetPlatform
[2018.01.14-23.50.43:710][  0]LogTemp: Display: Loaded TP Android_ASTCTargetPlatform
[2018.01.14-23.50.43:902][  0]LogTemp: Display: Loaded TP Android_ATCTargetPlatform
[2018.01.14-23.50.44:089][  0]LogTemp: Display: Loaded TP Android_DXTTargetPlatform
[2018.01.14-23.50.44:279][  0]LogTemp: Display: Loaded TP Android_ETC1TargetPlatform
[2018.01.14-23.50.44:471][  0]LogTemp: Display: Loaded TP Android_ETC2TargetPlatform
[2018.01.14-23.50.44:881][  0]LogTemp: Display: Loaded TP Android_MultiTargetPlatform
[2018.01.14-23.50.44:881][  0]LogTemp: Display: Loaded TP Android_PVRTCTargetPlatform
[2018.01.14-23.50.45:063][  0]LogTemp: Display: Loaded TP AndroidTargetPlatform
[2018.01.14-23.50.45:192][  0]LogTemp: Display: Loaded TP HTML5TargetPlatform
[2018.01.14-23.50.45:486][  0]LogTemp: Display: Loaded TP IOSTargetPlatform
[2018.01.14-23.50.45:574][  0]LogTemp: Display: Loaded TP TVOSTargetPlatform
[2018.01.14-23.50.45:770][  0]LogTemp: Display: Loaded TP LinuxClientTargetPlatform
[2018.01.14-23.50.45:971][  0]LogTemp: Display: Loaded TP LinuxNoEditorTargetPlatform
[2018.01.14-23.50.46:155][  0]LogTemp: Display: Loaded TP LinuxServerTargetPlatform
[2018.01.14-23.50.46:418][  0]LogTemp: Display: Loaded TP LinuxTargetPlatform
[2018.01.14-23.50.46:418][  0]LogTargetPlatformManager: Display: Building Assets For Windows
[2018.01.14-23.50.47:781][  0]LogDerivedDataCache: Display: Max Cache Size: 512 MB
[2018.01.14-23.50.49:195][  0]LogDerivedDataCache: Loaded boot cache 1.41s 78MB C:/Users/USER/AppData/Local/UnrealEngine/4.18/DerivedDataCache/Boot.ddc.
[2018.01.14-23.50.49:195][  0]LogDerivedDataCache: Display: Loaded Boot cache: C:/Users/USER/AppData/Local/UnrealEngine/4.18/DerivedDataCache/Boot.ddc
[2018.01.14-23.50.49:195][  0]LogDerivedDataCache: FDerivedDataBackendGraph:  Pak pak cache file ../../../../../../games/yavagame/lala/LostReality/LostReality/DerivedDataCache/DDC.ddp not found, will not use a pak cache.
[2018.01.14-23.50.49:195][  0]LogDerivedDataCache: Unable to find inner node Pak for hierarchical cache Hierarchy.
[2018.01.14-23.50.49:195][  0]LogDerivedDataCache: FDerivedDataBackendGraph:  CompressedPak pak cache file ../../../../../../games/yavagame/lala/LostReality/LostReality/DerivedDataCache/Compressed.ddp not found, will not use a pak cache.
[2018.01.14-23.50.49:195][  0]LogDerivedDataCache: Unable to find inner node CompressedPak for hierarchical cache Hierarchy.
[2018.01.14-23.50.49:259][  0]LogDerivedDataCache: Display: Pak cache opened for reading ../../../Engine/DerivedDataCache/Compressed.ddp.
[2018.01.14-23.50.49:273][  0]LogDerivedDataCache: Using Local data cache path C:/Users/USER/AppData/Local/UnrealEngine/Common/DerivedDataCache: Writable
[2018.01.14-23.50.49:304][  0]LogMaterial: Verifying Global Shaders for PCD3D_SM5
[2018.01.14-23.50.49:305][  0]LogSlate: Using Freetype 2.6.0
[2018.01.14-23.50.49:310][  0]LogSlate: SlateFontCache - WITH_FREETYPE: 1, WITH_HARFBUZZ: 1
[2018.01.14-23.50.49:310][  0]LogSlate: SlateFontCache - WITH_FREETYPE: 1, WITH_HARFBUZZ: 1
[2018.01.14-23.50.51:025][  0]LogInit: Selected Device Profile: [Windows]
[2018.01.14-23.50.52:321][  0]LogSimplygon: Simplygon DLL not present - disabling.
[2018.01.14-23.50.52:523][  0]LogMeshReduction: Using SimplygonSwarm for distributed automatic mesh merging
[2018.01.14-23.50.52:523][  0]LogMeshReduction: Using QuadricMeshReduction for automatic static mesh reduction
[2018.01.14-23.50.52:523][  0]LogMeshReduction: No automatic skeletal mesh reduction module available
[2018.01.14-23.50.52:523][  0]LogMeshReduction: No automatic mesh merging module available
[2018.01.14-23.50.52:523][  0]LogMeshMerging: No automatic mesh merging module available
[2018.01.14-23.50.52:654][  0]LogNetVersion: LostReality , NetCL: 3709383, EngineNetVer: 2, GameNetVer: 0 (Checksum: 2839468010)
[2018.01.14-23.50.53:288][  0]LogAssetRegistry: FAssetRegistry took 0.0359 seconds to start up
[2018.01.14-23.50.55:412][  0]LogPackageLocalizationCache: Processed 7 localized package path(s) for 1 prioritized culture(s) in 0.353394 seconds
[2018.01.14-23.50.55:429][  0]LogUObjectArray: 35900 objects as part of root set at end of initial load.
[2018.01.14-23.50.55:429][  0]LogUObjectAllocator: 7372024 out of 0 bytes used by permanent object pool.
[2018.01.14-23.50.55:429][  0]LogUObjectArray: CloseDisregardForGC: 0/0 objects in disregard for GC pool
[2018.01.14-23.50.55:561][  0]LogInit: WinSock: version 1.1 (2.2), MaxSocks=32767, MaxUdp=65467
[2018.01.14-23.51.09:358][  0]LogTcpMessaging: Initializing TcpMessaging bridge
[2018.01.14-23.51.09:461][  0]LogUdpMessaging: Initializing bridge on interface 0.0.0.0:0 to multicast group 230.0.0.1:6666.
[2018.01.14-23.51.11:719][  0]LogMaterial: Uniform references updated for custom material expression Custom.
[2018.01.14-23.51.13:216][  0]SourceControl: Source control is disabled
[2018.01.14-23.51.13:216][  0]SourceControl: Source control is disabled
[2018.01.14-23.51.13:390][  0]SourceControl: Source control is disabled
[2018.01.14-23.51.13:586][  0]SourceControl: Source control is disabled
[2018.01.14-23.51.16:565][  0]LogAndroidPermission: UAndroidPermissionCallbackProxy::GetInstance
[2018.01.14-23.51.17:552][  0]LogOcInput: OculusInput pre-init called
[2018.01.14-23.51.18:642][  0]LogEngine: Initializing Engine...
[2018.01.14-23.51.18:653][  0]LogHMD: Failed to initialize OpenVR with code 110
[2018.01.14-23.51.19:579][  0]LogStats: UGameplayTagsManager::ConstructGameplayTagTree: Construct from data asset -  0.000 s
[2018.01.14-23.51.19:579][  0]LogStats: UGameplayTagsManager::ConstructGameplayTagTree: GameplayTagTreeChangedEvent.Broadcast -  0.000 s
[2018.01.14-23.51.20:051][  0]LogAIModule: Creating AISystem for world Untitled
[2018.01.14-23.51.20:093][  0]LogInit: XAudio2 using 'Динамики (Realtek High Definition Audio)' : 2 channels at 48 kHz using 32 bits per sample (channel mask 0x3)
[2018.01.14-23.51.20:118][  0]LogInit: FAudioDevice initialized.
[2018.01.14-23.51.20:653][  0]LogDerivedDataCache: Saved boot cache 0.53s 78MB C:/Users/USER/AppData/Local/UnrealEngine/4.18/DerivedDataCache/Boot.ddc.
[2018.01.14-23.51.20:715][  0]LogInit: Texture streaming: Enabled
[2018.01.14-23.51.20:977][  0]LogEngineSessionManager: EngineSessionManager initialized
[2018.01.14-23.51.21:458][  0]LogInit: Transaction tracking system initialized
[2018.01.14-23.51.22:541][  0]BlueprintLog: New page: Editor Load
[2018.01.14-23.51.25:396][  0]LocalizationService: Localization service is disabled
[2018.01.14-23.51.27:698][  0]LogConsoleResponse: Display: 
[2018.01.14-23.51.28:496][  0]LogCook: Display: Max memory allowance for cook 16384mb min free memory 0mb
[2018.01.14-23.51.28:496][  0]LogCook: Display: Mobile HDR setting 1
[2018.01.14-23.51.28:496][  0]LogGameplayTags: Display: UGameplayTagsManager::DoneAddingNativeTags. DelegateIsBound: 0
[2018.01.14-23.51.29:095][  0]LogFileCache: Scanning file cache for directory 'H:/games/yavagame/lala/LostReality/LostReality/Content/' took 0.01s
[2018.01.14-23.51.32:498][  0]SourceControl: Source control is disabled
[2018.01.14-23.51.32:498][  0]Cmd: MAP LOAD FILE="../../../../../../games/yavagame/lala/LostReality/LostReality/Content/ThirdPersonBP/Maps/ThirdPersonExampleMap.umap" TEMPLATE=0 SHOWPROGRESS=1 FEATURELEVEL=3
[2018.01.14-23.51.32:499][  0]LightingResults: New page: Lighting Build
[2018.01.14-23.51.32:628][  0]MapCheck: New page: Map Check
[2018.01.14-23.51.32:629][  0]LightingResults: New page: Lighting Build
[2018.01.14-23.51.34:206][  0]LogAIModule: Creating AISystem for world ThirdPersonExampleMap
[2018.01.14-23.51.34:249][  0]LogEditorServer: Finished looking for orphan Actors (0.000 secs)
[2018.01.14-23.51.34:601][  0]Cmd: MAP CHECKDEP NOCLEARLOG
[2018.01.14-23.51.35:024][  0]MapCheck: Map check complete: 0 Error(s), 0 Warning(s), took 422.299ms to complete.
[2018.01.14-23.51.35:024][  0]LogFileHelpers: Loading map 'ThirdPersonExampleMap' took 2.526
[2018.01.14-23.51.35:525][  0]LogCollectionManager: Loaded 0 collections in 0.005124 seconds
[2018.01.14-23.51.35:956][  0]LogFileCache: Scanning file cache for directory 'H:/games/yavagame/lala/LostReality/LostReality/Saved/Collections/' took 0.02s
[2018.01.14-23.51.35:956][  0]LogFileCache: Scanning file cache for directory 'H:/games/yavagame/lala/LostReality/LostReality/Content/Developers/USER/Collections/' took 0.01s
[2018.01.14-23.51.35:956][  0]LogFileCache: Scanning file cache for directory 'H:/games/yavagame/lala/LostReality/LostReality/Content/Collections/' took 0.01s
[2018.01.14-23.51.35:956][  0]LogCollectionManager: Rebuilt the GUID cache for 0 collections in 0.000001 seconds
[2018.01.14-23.51.36:033][  0]LogContentBrowser: Native class hierarchy populated in 0.0763 seconds. Added 2363 classes and 519 folders.
[2018.01.14-23.51.36:314][  0]LogContentBrowser: Native class hierarchy updated for 'WidgetCarousel' in 0.0008 seconds. Added 0 classes and 0 folders.
[2018.01.14-23.51.36:567][  0]LogContentBrowser: Native class hierarchy updated for 'AddContentDialog' in 0.0006 seconds. Added 0 classes and 0 folders.
[2018.01.14-23.51.36:736][  0]LogContentBrowser: Native class hierarchy updated for 'SceneOutliner' in 0.0080 seconds. Added 1 classes and 2 folders.
[2018.01.14-23.51.36:790][  0]LogSlate: Took 0.003192 seconds to synchronously load lazily loaded font '../../../Engine/Content/Slate/Fonts/Roboto-Regular.ttf' (155K)
[2018.01.14-23.51.36:801][  0]LogSlate: Took 0.002021 seconds to synchronously load lazily loaded font '../../../Engine/Content/Slate/Fonts/Roboto-Bold.ttf' (160K)
[2018.01.14-23.51.36:831][  0]LogSlate: Took 0.001375 seconds to synchronously load lazily loaded font '../../../Engine/Content/Editor/Slate/Fonts/FontAwesome.ttf' (139K)
[2018.01.14-23.51.37:474][  0]LogRenderer: Reallocating scene render targets to support 856x396 Format 10 NumSamples 1 (Frame:1).
[2018.01.14-23.51.39:237][  0]LogContentBrowser: Native class hierarchy updated for 'HierarchicalLODOutliner' in 0.0006 seconds. Added 1 classes and 2 folders.
[2018.01.14-23.51.39:238][  0]LogLoad: (Engine Initialization) Total time: 80.62 seconds
[2018.01.14-23.51.39:238][  0]LogLoad: (Engine Initialization) Total Blueprint compile time: 0.00 seconds
[2018.01.14-23.51.39:238][  0]LogExternalProfiler: Found external profiler: VSPerf
[2018.01.14-23.51.39:238][  0]LogExternalProfiler: Using external profiler: VSPerf
[2018.01.14-23.51.39:300][  0]LogContentStreaming: Texture pool size now 1000 MB
[2018.01.14-23.51.39:369][  0]LogSlate: Took 0.001510 seconds to synchronously load lazily loaded font '../../../Engine/Content/Slate/Fonts/Roboto-Light.ttf' (159K)
[2018.01.14-23.51.41:179][  4]LogAssetRegistry: Asset discovery search completed in 47.9154 seconds
[2018.01.14-23.51.41:191][  4]LogCollectionManager: Rebuilt the object cache for 0 collections in 0.000001 seconds (found 0 objects)
[2018.01.14-23.51.41:191][  4]LogCollectionManager: Fixed up redirectors for 0 collections in 0.000256 seconds (updated 0 objects)
[2018.01.14-23.51.55:089][192]LogEditorViewport: Clicking on Actor (LMB): StaticMeshActor (Wall11)
[2018.01.14-23.51.56:725][197]LogEditorViewport: Clicking on Actor (context menu): StaticMeshActor (Wall11)
[2018.01.14-23.52.06:673][333]LogEditorViewport: Clicking on Actor (context menu): StaticMeshActor (Floor)
[2018.01.14-23.52.08:994][355]LogEditorViewport: Clicking on Actor (LMB): StaticMeshActor (Wall11)
[2018.01.14-23.52.11:893][386]LogEditorViewport: Clicking on Actor (context menu): StaticMeshActor (Wall11)
[2018.01.14-23.52.32:776][681]LogEditorViewport: Clicking on Actor (LMB): StaticMeshActor (Wall7)
[2018.01.14-23.52.33:631][689]LogEditorViewport: Clicking on Actor (LMB): StaticMeshActor (Wall11)
[2018.01.14-23.52.56:416][931]LogEditorViewport: Clicking on Actor (LMB): ThirdPersonCharacter_C (ThirdPersonCharacter)
[2018.01.14-23.53.18:474][ 93]LogTemp: Repeating last play command: Selected Viewport
[2018.01.14-23.53.18:655][ 93]LogBlueprintUserMessages: Early PlayInEditor Detection: Level '/Game/ThirdPersonBP/Maps/ThirdPersonExampleMap.ThirdPersonExampleMap:PersistentLevel' has LevelScriptBlueprint '/Game/ThirdPersonBP/Maps/ThirdPersonExampleMap.ThirdPersonExampleMap:PersistentLevel.ThirdPersonExampleMap' with GeneratedClass '/Game/ThirdPersonBP/Maps/ThirdPersonExampleMap.ThirdPersonExampleMap_C' with ClassGeneratedBy '/Game/ThirdPersonBP/Maps/ThirdPersonExampleMap.ThirdPersonExampleMap:PersistentLevel.ThirdPersonExampleMap'
[2018.01.14-23.53.18:694][ 93]LogPlayLevel: PlayLevel: No blueprints needed recompiling
[2018.01.14-23.53.18:810][ 93]PIE: New page: PIE session: ThirdPersonExampleMap (Jan 15, 2018, 7:53:18 AM)
[2018.01.14-23.53.18:811][ 93]LogPlayLevel: Creating play world package: /Game/ThirdPersonBP/Maps/UEDPIE_0_ThirdPersonExampleMap
[2018.01.14-23.53.18:967][ 93]LogPlayLevel: PIE: StaticDuplicateObject took: (0.156626s)
[2018.01.14-23.53.19:003][ 93]LogAIModule: Creating AISystem for world ThirdPersonExampleMap
[2018.01.14-23.53.19:003][ 93]LogPlayLevel: PIE: World Init took: (0.026710s)
[2018.01.14-23.53.19:004][ 93]LogPlayLevel: PIE: Created PIE world by copying editor world from /Game/ThirdPersonBP/Maps/ThirdPersonExampleMap.ThirdPersonExampleMap to /Game/ThirdPersonBP/Maps/UEDPIE_0_ThirdPersonExampleMap.ThirdPersonExampleMap (0.192974s)
[2018.01.14-23.53.19:152][ 93]LogInit: XAudio2 using 'Динамики (Realtek High Definition Audio)' : 2 channels at 48 kHz using 32 bits per sample (channel mask 0x3)
[2018.01.14-23.53.19:171][ 93]LogInit: FAudioDevice initialized.
[2018.01.14-23.53.19:259][ 93]LogLoad: Game class is 'ThirdPersonGameMode_C'
[2018.01.14-23.53.19:277][ 93]LogWorld: Bringing World /Game/ThirdPersonBP/Maps/UEDPIE_0_ThirdPersonExampleMap.ThirdPersonExampleMap up for play (max tick rate 60) at 2018.01.15-03.53.19
[2018.01.14-23.53.19:278][ 93]LogWorld: Bringing up level for play took: 0.005158
[2018.01.14-23.53.19:525][ 93]LogContentBrowser: Native class hierarchy updated for 'MovieSceneCapture' in 0.0011 seconds. Added 11 classes and 0 folders.
[2018.01.14-23.53.19:528][ 93]PIE: Play in editor start time for /Game/ThirdPersonBP/Maps/UEDPIE_0_ThirdPersonExampleMap 0.209
[2018.01.14-23.53.19:529][ 93]LogBlueprintUserMessages: Late PlayInEditor Detection: Level '/Game/ThirdPersonBP/Maps/ThirdPersonExampleMap.ThirdPersonExampleMap:PersistentLevel' has LevelScriptBlueprint '/Game/ThirdPersonBP/Maps/ThirdPersonExampleMap.ThirdPersonExampleMap:PersistentLevel.ThirdPersonExampleMap' with GeneratedClass '/Game/ThirdPersonBP/Maps/ThirdPersonExampleMap.ThirdPersonExampleMap_C' with ClassGeneratedBy '/Game/ThirdPersonBP/Maps/ThirdPersonExampleMap.ThirdPersonExampleMap:PersistentLevel.ThirdPersonExampleMap'
[2018.01.14-23.54.30:291][835]LogBlueprintUserMessages: Early EndPlayMap Detection: Level '/Game/ThirdPersonBP/Maps/ThirdPersonExampleMap.ThirdPersonExampleMap:PersistentLevel' has LevelScriptBlueprint '/Game/ThirdPersonBP/Maps/ThirdPersonExampleMap.ThirdPersonExampleMap:PersistentLevel.ThirdPersonExampleMap' with GeneratedClass '/Game/ThirdPersonBP/Maps/ThirdPersonExampleMap.ThirdPersonExampleMap_C' with ClassGeneratedBy '/Game/ThirdPersonBP/Maps/ThirdPersonExampleMap.ThirdPersonExampleMap:PersistentLevel.ThirdPersonExampleMap'
[2018.01.14-23.54.30:698][835]LogBlueprintUserMessages: Late EndPlayMap Detection: Level '/Game/ThirdPersonBP/Maps/ThirdPersonExampleMap.ThirdPersonExampleMap:PersistentLevel' has LevelScriptBlueprint '/Game/ThirdPersonBP/Maps/ThirdPersonExampleMap.ThirdPersonExampleMap:PersistentLevel.ThirdPersonExampleMap' with GeneratedClass '/Game/ThirdPersonBP/Maps/ThirdPersonExampleMap.ThirdPersonExampleMap_C' with ClassGeneratedBy '/Game/ThirdPersonBP/Maps/ThirdPersonExampleMap.ThirdPersonExampleMap:PersistentLevel.ThirdPersonExampleMap'
[2018.01.14-23.54.33:253][860]Cmd: TRANSACTION UNDO
[2018.01.14-23.54.33:253][860]LogEditorTransaction: Undo Scale Actors
[2018.01.14-23.54.33:366][860]LogSlate: Took 0.002222 seconds to synchronously load lazily loaded font '../../../Engine/Content/Slate/Fonts/Roboto-Light.ttf' (159K)
[2018.01.14-23.54.35:027][878]Cmd: TRANSACTION UNDO
[2018.01.14-23.54.35:027][878]LogEditorTransaction: Undo Scale Actors
[2018.01.14-23.54.38:183][909]LogEditorViewport: Clicking on Actor (LMB): ThirdPersonCharacter_C (ThirdPersonCharacter)
[2018.01.14-23.54.42:844][939]LogTemp: Repeating last play command: Selected Viewport
[2018.01.14-23.54.42:905][939]LogBlueprintUserMessages: Early PlayInEditor Detection: Level '/Game/ThirdPersonBP/Maps/ThirdPersonExampleMap.ThirdPersonExampleMap:PersistentLevel' has LevelScriptBlueprint '/Game/ThirdPersonBP/Maps/ThirdPersonExampleMap.ThirdPersonExampleMap:PersistentLevel.ThirdPersonExampleMap' with GeneratedClass '/Game/ThirdPersonBP/Maps/ThirdPersonExampleMap.ThirdPersonExampleMap_C' with ClassGeneratedBy '/Game/ThirdPersonBP/Maps/ThirdPersonExampleMap.ThirdPersonExampleMap:PersistentLevel.ThirdPersonExampleMap'
[2018.01.14-23.54.42:905][939]LogPlayLevel: PlayLevel: No blueprints needed recompiling
[2018.01.14-23.54.42:906][939]PIE: New page: PIE session: ThirdPersonExampleMap (Jan 15, 2018, 7:54:42 AM)
[2018.01.14-23.54.42:906][939]LogPlayLevel: Creating play world package: /Game/ThirdPersonBP/Maps/UEDPIE_0_ThirdPersonExampleMap
[2018.01.14-23.54.42:981][939]LogPlayLevel: PIE: StaticDuplicateObject took: (0.074347s)
[2018.01.14-23.54.42:984][939]LogAIModule: Creating AISystem for world ThirdPersonExampleMap
[2018.01.14-23.54.42:986][939]LogPlayLevel: PIE: World Init took: (0.005262s)
[2018.01.14-23.54.42:987][939]LogPlayLevel: PIE: Created PIE world by copying editor world from /Game/ThirdPersonBP/Maps/ThirdPersonExampleMap.ThirdPersonExampleMap to /Game/ThirdPersonBP/Maps/UEDPIE_0_ThirdPersonExampleMap.ThirdPersonExampleMap (0.081222s)
[2018.01.14-23.54.43:106][939]LogInit: XAudio2 using 'Динамики (Realtek High Definition Audio)' : 2 channels at 48 kHz using 32 bits per sample (channel mask 0x3)
[2018.01.14-23.54.43:132][939]LogInit: FAudioDevice initialized.
[2018.01.14-23.54.43:214][939]LogLoad: Game class is 'ThirdPersonGameMode_C'
[2018.01.14-23.54.43:225][939]LogWorld: Bringing World /Game/ThirdPersonBP/Maps/UEDPIE_0_ThirdPersonExampleMap.ThirdPersonExampleMap up for play (max tick rate 60) at 2018.01.15-03.54.43
[2018.01.14-23.54.43:227][939]LogWorld: Bringing up level for play took: 0.010966
[2018.01.14-23.54.43:235][939]PIE: Play in editor start time for /Game/ThirdPersonBP/Maps/UEDPIE_0_ThirdPersonExampleMap -0.086
[2018.01.14-23.54.43:235][939]LogBlueprintUserMessages: Late PlayInEditor Detection: Level '/Game/ThirdPersonBP/Maps/ThirdPersonExampleMap.ThirdPersonExampleMap:PersistentLevel' has LevelScriptBlueprint '/Game/ThirdPersonBP/Maps/ThirdPersonExampleMap.ThirdPersonExampleMap:PersistentLevel.ThirdPersonExampleMap' with GeneratedClass '/Game/ThirdPersonBP/Maps/ThirdPersonExampleMap.ThirdPersonExampleMap_C' with ClassGeneratedBy '/Game/ThirdPersonBP/Maps/ThirdPersonExampleMap.ThirdPersonExampleMap:PersistentLevel.ThirdPersonExampleMap'
[2018.01.14-23.55.11:561][237]LogBlueprintUserMessages: Early EndPlayMap Detection: Level '/Game/ThirdPersonBP/Maps/ThirdPersonExampleMap.ThirdPersonExampleMap:PersistentLevel' has LevelScriptBlueprint '/Game/ThirdPersonBP/Maps/ThirdPersonExampleMap.ThirdPersonExampleMap:PersistentLevel.ThirdPersonExampleMap' with GeneratedClass '/Game/ThirdPersonBP/Maps/ThirdPersonExampleMap.ThirdPersonExampleMap_C' with ClassGeneratedBy '/Game/ThirdPersonBP/Maps/ThirdPersonExampleMap.ThirdPersonExampleMap:PersistentLevel.ThirdPersonExampleMap'
[2018.01.14-23.55.11:637][237]LogBlueprintUserMessages: Late EndPlayMap Detection: Level '/Game/ThirdPersonBP/Maps/ThirdPersonExampleMap.ThirdPersonExampleMap:PersistentLevel' has LevelScriptBlueprint '/Game/ThirdPersonBP/Maps/ThirdPersonExampleMap.ThirdPersonExampleMap:PersistentLevel.ThirdPersonExampleMap' with GeneratedClass '/Game/ThirdPersonBP/Maps/ThirdPersonExampleMap.ThirdPersonExampleMap_C' with ClassGeneratedBy '/Game/ThirdPersonBP/Maps/ThirdPersonExampleMap.ThirdPersonExampleMap:PersistentLevel.ThirdPersonExampleMap'
[2018.01.14-23.55.12:775][246]LogSlate: Took 0.008444 seconds to synchronously load lazily loaded font '../../../Engine/Content/Slate/Fonts/Roboto-Light.ttf' (159K)
[2018.01.14-23.55.14:556][246]LogSavePackage: Save=1155.28ms
[2018.01.14-23.55.14:559][246]LogSavePackage: Moving '../../../../../../games/yavagame/lala/LostReality/LostReality/Saved/ThirdPersonExampleMap71629D90457AE9D8264F149D66BEC23B.tmp' to '../../../../../../games/yavagame/lala/LostReality/LostReality/Content/ThirdPersonBP/Maps/ThirdPersonExampleMap.umap'
[2018.01.14-23.55.14:602][246]LogSavePackage: Display: Finished SavePackage ../../../../../../games/yavagame/lala/LostReality/LostReality/Content/ThirdPersonBP/Maps/ThirdPersonExampleMap.umap
[2018.01.14-23.55.14:695][246]LogSlate: Took 0.000521 seconds to synchronously load lazily loaded font '../../../Engine/Content/Slate/Fonts/Roboto-Regular.ttf' (155K)
[2018.01.14-23.55.16:898][246]LogSavePackage: Save=2058.87ms
[2018.01.14-23.55.16:898][246]LogSavePackage: Moving '../../../../../../games/yavagame/lala/LostReality/LostReality/Saved/ThirdPersonExampleMap_BuiltData088D41794654CF3E55DD7B99C52FA377.tmp' to '../../../../../../games/yavagame/lala/LostReality/LostReality/Content/ThirdPersonBP/Maps/ThirdPersonExampleMap_BuiltData.uasset'
[2018.01.14-23.55.16:907][246]LogSavePackage: Display: Finished SavePackage ../../../../../../games/yavagame/lala/LostReality/LostReality/Content/ThirdPersonBP/Maps/ThirdPersonExampleMap_BuiltData.uasset
